/usr/local/lib/python3.12/dist-packages/sdv/single_table/base.py:134: UserWarning: We strongly recommend saving the metadata using 'save_to_json' for replicability in future SDV versions.
  warnings.warn(
============================================================
Pantau — Stage 2: GAN Augmentation Pipeline
============================================================
  Model:       CTGAN
  Epochs:      300
  Batch size:  500
  Output rows: 500,000

[1/5] Loading parametric base dataset...
  Loaded 500,000 rows, 15 columns
  Sampled down to 100,000 rows for faster training

============================================================
BASE (PARAMETRIC) SUMMARY
============================================================
Total rows:          100,000
Normal (label=0):    85,123 (85.1%)
Judol  (label=1):    14,877 (14.9%)
Unique users:        50,044
Unique merchants:    36,766
Amount range:        Rp2,151 - Rp2,154,926

--- Transaction Type Distribution ---
  QRIS: 68,684 (68.7%) — 9,027 judol
  EWALLET_OVO: 7,890 (7.9%) — 1,512 judol
  EWALLET_LINKAJA: 7,872 (7.9%) — 1,519 judol
  EWALLET_GOPAY: 7,816 (7.8%) — 1,421 judol
  EWALLET_DANA: 7,738 (7.7%) — 1,398 judol

--- Temporal Distribution ---
  Date range:        2025-12-01 00:04:46 → 2026-03-01 23:54:29
  Weekday/Weekend:   72,238 / 27,762

[2/5] Preprocessing data...
  Training columns: ['timestamp', 'amount', 'user_city', 'user_province', 'merchant_city', 'merchant_province', 'transaction_type', 'is_round_amount', 'tx_hour', 'tx_day_of_week', 'label']
  Excluded (regenerated post-hoc): ['transaction_id', 'device_id', 'user_id', 'merchant_id']

[3/5] Building metadata & initializing model...
  Initialized CTGAN synthesizer

[4/5] Training CTGAN (this may take a while on CPU)...
PerformanceAlert: Using the CTGANSynthesizer on this data is not recommended. To model this data, CTGAN will generate a large number of columns.

Original Column Name   Est # of Columns (CTGAN)
timestamp              11
amount                 11
user_city              514
user_province          38
merchant_city          514
merchant_province      38
transaction_type       5
is_round_amount        2
tx_hour                11
tx_day_of_week         7
label                  2

We recommend preprocessing discrete columns that can have many values, using 'update_transformers'. Or you may drop columns that are not necessary to model. (Exit this script using ctrl-C)
/usr/local/lib/python3.12/dist-packages/joblib/externals/loky/backend/resource_tracker.py:359: UserWarning: resource_tracker: There appear to be 14 leaked semlock objects to clean up at shutdown
  warnings.warn(
/usr/local/lib/python3.12/dist-packages/joblib/externals/loky/backend/resource_tracker.py:359: UserWarning: resource_tracker: There appear to be 1 leaked folder objects to clean up at shutdown
  warnings.warn(
