nohup: ignoring input

[1/6] Loading dataset from data/generated/gan/pantau_gan_ctgan.csv...
  Loaded 500,000 transactions
  Label distribution: {0: 392011, 1: 107989}

[2/6] Splitting dataset (train=80%, test=20% locked 🔒)...
  Train pool: 400,000 rows (21.6% judol)
  Test (locked): 100,000 rows (21.6% judol)

[3/6] K-Fold tuning (5 folds):
  Phase 1: 9 train combos × 5 folds = 45 retrains
  Phase 2: 50 Dirichlet weights × 4 thresholds = 200 score combos per retrain
  Total scoring evals: 9,000

  Train combo 1/9: contamination=0.1, layer_threshold=30.0
  [User Behavior] Engineering features...
  [User Behavior] Training Isolation Forest (79,049 users, 21 features)...
  [User Behavior] Results: precision=0.386, recall=0.278, F1=0.323
  [User Behavior] Flagged 7,905 / 79,049 users
  [Merchant Behavior] Engineering features...
  [Merchant Behavior] Training IF (5,500 merchants, 21 features)...
  [Merchant Behavior] precision=0.909, recall=1.000, F1=0.952
  [Merchant Behavior] Flagged 550 / 5,500 merchants
  [Network] Building transaction graph...
  [Network] Building merchant projection...
  [Network] Computing centrality...
  [Network] Detecting communities...
  [Network] Training IF (5,500 merchants, 11 features)...
  [Network] precision=0.891, recall=0.980, F1=0.933
  [Temporal] Scoring users with temporal rules...
  [Temporal] precision=0.263, recall=0.113, F1=0.158
  [Temporal] Flagged 4,707 / 79,049 users
  [Velocity] Computing cross-merchant velocity features...
  [Velocity] precision=0.820, recall=1.000, F1=0.901
  [Velocity] Flagged 610 / 5,500 merchants
  [Money Flow] Computing flow features...
  [Money Flow] precision=0.091, recall=1.000, F1=0.167
  [Money Flow] Flagged 5,500 / 5,500 merchants
    Fold 1/5 done   [User Behavior] Engineering features...
  [User Behavior] Training Isolation Forest (79,078 users, 21 features)...
  [User Behavior] Results: precision=0.350, recall=0.252, F1=0.293
  [User Behavior] Flagged 7,908 / 79,078 users
  [Merchant Behavior] Engineering features...
  [Merchant Behavior] Training IF (5,500 merchants, 21 features)...
  [Merchant Behavior] precision=0.909, recall=1.000, F1=0.952
  [Merchant Behavior] Flagged 550 / 5,500 merchants
  [Network] Building transaction graph...
  [Network] Building merchant projection...
  [Network] Computing centrality...
  [Network] Detecting communities...
  [Network] Training IF (5,500 merchants, 11 features)...
  [Network] precision=0.867, recall=0.954, F1=0.909
  [Temporal] Scoring users with temporal rules...
  [Temporal] precision=0.258, recall=0.110, F1=0.154
  [Temporal] Flagged 4,658 / 79,078 users
  [Velocity] Computing cross-merchant velocity features...
  [Velocity] precision=0.821, recall=1.000, F1=0.902
  [Velocity] Flagged 609 / 5,500 merchants
  [Money Flow] Computing flow features...
  [Money Flow] precision=0.091, recall=1.000, F1=0.167
  [Money Flow] Flagged 5,500 / 5,500 merchants
