nohup: ignoring input

[1/6] Loading dataset from data/generated/parametric/pantau_dataset.csv...
  Loaded 500,000 transactions
  Label distribution: {0: 425000, 1: 75000}
  Fraud rate: 15.0% → contamination grid: [np.float64(0.075), np.float64(0.15), np.float64(0.225)]

[2/6] Splitting dataset (train=80%, test=20% locked 🔒)...
  Train pool: 400,000 rows (15.0% judol)
  Test (locked): 100,000 rows (15.0% judol)

[3/6] K-Fold tuning (5 folds, 8 parallel jobs):
  Phase 1: 9 train combos × 5 folds = 45 retrains
  Phase 2: 50 Dirichlet weights × 4 thresholds = 200 score combos per retrain
  Total scoring evals: 9,000

  Train combo 1/9: contamination=0.075, layer_threshold=30.0
  [User Behavior] Engineering features...
  [User Behavior] Training Isolation Forest (73,388 users, 21 features)...
  [User Behavior] Results: precision=0.468, recall=0.109, F1=0.177
  [User Behavior] Flagged 5,505 / 73,388 users
  [Merchant Behavior] Engineering features...
  [Merchant Behavior] Training IF (5,467 merchants, 21 features)...
  [Merchant Behavior] precision=0.995, recall=0.874, F1=0.930
  [Merchant Behavior] Flagged 410 / 5,467 merchants
  [Network] Building transaction graph...
  [Network] Building merchant projection...
  [Network] Computing centrality...
  [Network] Detecting communities...
  [Network] Training IF (5,467 merchants, 11 features)...
  [Network] precision=0.839, recall=0.737, F1=0.784
  [Temporal] Scoring users with temporal rules...
  [Temporal] precision=0.809, recall=0.367, F1=0.505
  [Temporal] Flagged 10,704 / 73,388 users
  [Velocity] Computing cross-merchant velocity features...
  [Velocity] precision=0.998, recall=1.000, F1=0.999
  [Velocity] Flagged 468 / 5,467 merchants
  [Money Flow] Computing flow features...
  [Money Flow] precision=0.016, recall=0.148, F1=0.028
  [Money Flow] Flagged 4,385 / 5,467 merchants
    Fold 2 done
  [User Behavior] Engineering features...
  [User Behavior] Training Isolation Forest (73,394 users, 21 features)...
  [User Behavior] Results: precision=0.512, recall=0.119, F1=0.193
  [User Behavior] Flagged 5,505 / 73,394 users
  [Merchant Behavior] Engineering features...
  [Merchant Behavior] Training IF (5,467 merchants, 21 features)...
  [Merchant Behavior] precision=0.993, recall=0.872, F1=0.928
  [Merchant Behavior] Flagged 410 / 5,467 merchants
  [Network] Building transaction graph...
  [Network] Building merchant projection...
  [Network] Computing centrality...
  [Network] Detecting communities...
  [Network] Training IF (5,467 merchants, 11 features)...
  [Network] precision=0.888, recall=0.779, F1=0.830
  [Temporal] Scoring users with temporal rules...
  [Temporal] precision=0.809, recall=0.366, F1=0.504
  [Temporal] Flagged 10,687 / 73,394 users
  [Velocity] Computing cross-merchant velocity features...
  [Velocity] precision=0.998, recall=1.000, F1=0.999
  [Velocity] Flagged 468 / 5,467 merchants
  [Money Flow] Computing flow features...
  [Money Flow] precision=0.015, recall=0.143, F1=0.028
  [Money Flow] Flagged 4,394 / 5,467 merchants
    Fold 3 done
  [User Behavior] Engineering features...
  [User Behavior] Training Isolation Forest (73,481 users, 21 features)...
  [User Behavior] Results: precision=0.475, recall=0.110, F1=0.179
  [User Behavior] Flagged 5,510 / 73,481 users
  [Merchant Behavior] Engineering features...
  [Merchant Behavior] Training IF (5,468 merchants, 21 features)...
  [Merchant Behavior] precision=0.998, recall=0.876, F1=0.933
  [Merchant Behavior] Flagged 411 / 5,468 merchants
  [Network] Building transaction graph...
  [Network] Building merchant projection...
  [Network] Computing centrality...
  [Network] Detecting communities...
  [Network] Training IF (5,468 merchants, 11 features)...
  [Network] precision=0.895, recall=0.786, F1=0.837
  [Temporal] Scoring users with temporal rules...
  [Temporal] precision=0.809, recall=0.366, F1=0.504
  [Temporal] Flagged 10,728 / 73,481 users
  [Velocity] Computing cross-merchant velocity features...
  [Velocity] precision=1.000, recall=1.000, F1=1.000
  [Velocity] Flagged 468 / 5,468 merchants
  [Money Flow] Computing flow features...
  [Money Flow] precision=0.016, recall=0.145, F1=0.028
  [Money Flow] Flagged 4,381 / 5,468 merchants
    Fold 1 done
  [User Behavior] Engineering features...
  [User Behavior] Training Isolation Forest (73,344 users, 21 features)...
  [User Behavior] Results: precision=0.428, recall=0.100, F1=0.162
  [User Behavior] Flagged 5,501 / 73,344 users
  [Merchant Behavior] Engineering features...
  [Merchant Behavior] Training IF (5,468 merchants, 21 features)...
  [Merchant Behavior] precision=0.995, recall=0.874, F1=0.931
  [Merchant Behavior] Flagged 411 / 5,468 merchants
  [Network] Building transaction graph...
  [Network] Building merchant projection...
  [Network] Computing centrality...
  [Network] Detecting communities...
  [Network] Training IF (5,468 merchants, 11 features)...
  [Network] precision=0.869, recall=0.763, F1=0.812
  [Temporal] Scoring users with temporal rules...
  [Temporal] precision=0.811, recall=0.368, F1=0.507
  [Temporal] Flagged 10,704 / 73,344 users
  [Velocity] Computing cross-merchant velocity features...
  [Velocity] precision=1.000, recall=1.000, F1=1.000
  [Velocity] Flagged 468 / 5,468 merchants
  [Money Flow] Computing flow features...
  [Money Flow] precision=0.016, recall=0.150, F1=0.029
  [Money Flow] Flagged 4,381 / 5,468 merchants
    Fold 4 done
  [User Behavior] Engineering features...
  [User Behavior] Training Isolation Forest (73,293 users, 21 features)...
  [User Behavior] Results: precision=0.513, recall=0.120, F1=0.195
  [User Behavior] Flagged 5,494 / 73,293 users
  [Merchant Behavior] Engineering features...
  [Merchant Behavior] Training IF (5,468 merchants, 21 features)...
  [Merchant Behavior] precision=1.000, recall=0.878, F1=0.935
  [Merchant Behavior] Flagged 411 / 5,468 merchants
  [Network] Building transaction graph...
  [Network] Building merchant projection...
  [Network] Computing centrality...
  [Network] Detecting communities...
  [Network] Training IF (5,468 merchants, 11 features)...
  [Network] precision=0.903, recall=0.793, F1=0.844
  [Temporal] Scoring users with temporal rules...
  [Temporal] precision=0.812, recall=0.369, F1=0.507
  [Temporal] Flagged 10,665 / 73,293 users
  [Velocity] Computing cross-merchant velocity features...
  [Velocity] precision=0.998, recall=1.000, F1=0.999
  [Velocity] Flagged 469 / 5,468 merchants
  [Money Flow] Computing flow features...
  [Money Flow] precision=0.016, recall=0.147, F1=0.028
  [Money Flow] Flagged 4,414 / 5,468 merchants
    Fold 5 done

  Train combo 2/9: contamination=0.075, layer_threshold=40.0
  [User Behavior] Engineering features...
  [User Behavior] Training Isolation Forest (73,481 users, 21 features)...
  [User Behavior] Results: precision=0.475, recall=0.110, F1=0.179
  [User Behavior] Flagged 5,510 / 73,481 users
  [Merchant Behavior] Engineering features...
  [Merchant Behavior] Training IF (5,468 merchants, 21 features)...
  [Merchant Behavior] precision=0.998, recall=0.876, F1=0.933
  [Merchant Behavior] Flagged 411 / 5,468 merchants
  [Network] Building transaction graph...
  [Network] Building merchant projection...
  [Network] Computing centrality...
  [Network] Detecting communities...
  [Network] Training IF (5,468 merchants, 11 features)...
  [Network] precision=0.895, recall=0.786, F1=0.837
  [Temporal] Scoring users with temporal rules...
  [Temporal] precision=0.951, recall=0.256, F1=0.404
  [Temporal] Flagged 6,384 / 73,481 users
  [Velocity] Computing cross-merchant velocity features...
  [Velocity] precision=1.000, recall=0.780, F1=0.876
  [Velocity] Flagged 365 / 5,468 merchants
  [Money Flow] Computing flow features...
  [Money Flow] precision=0.295, recall=0.105, F1=0.155
  [Money Flow] Flagged 166 / 5,468 merchants
    Fold 1 done
  [User Behavior] Engineering features...
  [User Behavior] Training Isolation Forest (73,388 users, 21 features)...
  [User Behavior] Results: precision=0.468, recall=0.109, F1=0.177
  [User Behavior] Flagged 5,505 / 73,388 users
  [Merchant Behavior] Engineering features...
  [Merchant Behavior] Training IF (5,467 merchants, 21 features)...
  [Merchant Behavior] precision=0.995, recall=0.874, F1=0.930
  [Merchant Behavior] Flagged 410 / 5,467 merchants
  [Network] Building transaction graph...
  [Network] Building merchant projection...
  [Network] Computing centrality...
  [Network] Detecting communities...
  [Network] Training IF (5,467 merchants, 11 features)...
  [Network] precision=0.839, recall=0.737, F1=0.784
  [Temporal] Scoring users with temporal rules...
  [Temporal] precision=0.949, recall=0.257, F1=0.404
  [Temporal] Flagged 6,399 / 73,388 users
  [Velocity] Computing cross-merchant velocity features...
  [Velocity] precision=1.000, recall=0.794, F1=0.885
  [Velocity] Flagged 371 / 5,467 merchants
  [Money Flow] Computing flow features...
  [Money Flow] precision=0.331, recall=0.113, F1=0.169
  [Money Flow] Flagged 160 / 5,467 merchants
    Fold 2 done
  [User Behavior] Engineering features...
  [User Behavior] Training Isolation Forest (73,394 users, 21 features)...
  [User Behavior] Results: precision=0.512, recall=0.119, F1=0.193
  [User Behavior] Flagged 5,505 / 73,394 users
  [Merchant Behavior] Engineering features...
  [Merchant Behavior] Training IF (5,467 merchants, 21 features)...
  [Merchant Behavior] precision=0.993, recall=0.872, F1=0.928
  [Merchant Behavior] Flagged 410 / 5,467 merchants
  [Network] Building transaction graph...
  [Network] Building merchant projection...
  [Network] Computing centrality...
  [Network] Detecting communities...
  [Network] Training IF (5,467 merchants, 11 features)...
  [Network] precision=0.888, recall=0.779, F1=0.830
  [Temporal] Scoring users with temporal rules...
  [Temporal] precision=0.948, recall=0.255, F1=0.402
  [Temporal] Flagged 6,359 / 73,394 users
  [Velocity] Computing cross-merchant velocity features...
  [Velocity] precision=1.000, recall=0.799, F1=0.888
  [Velocity] Flagged 373 / 5,467 merchants
  [Money Flow] Computing flow features...
  [Money Flow] precision=0.324, recall=0.103, F1=0.156
  [Money Flow] Flagged 148 / 5,467 merchants
    Fold 3 done
  [User Behavior] Engineering features...
  [User Behavior] Training Isolation Forest (73,293 users, 21 features)...
  [User Behavior] Results: precision=0.513, recall=0.120, F1=0.195
  [User Behavior] Flagged 5,494 / 73,293 users
  [Merchant Behavior] Engineering features...
  [Merchant Behavior] Training IF (5,468 merchants, 21 features)...
  [Merchant Behavior] precision=1.000, recall=0.878, F1=0.935
  [Merchant Behavior] Flagged 411 / 5,468 merchants
  [Network] Building transaction graph...
  [Network] Building merchant projection...
  [Network] Computing centrality...
  [Network] Detecting communities...
  [Network] Training IF (5,468 merchants, 11 features)...
  [Network] precision=0.903, recall=0.793, F1=0.844
  [Temporal] Scoring users with temporal rules...
  [Temporal] precision=0.952, recall=0.258, F1=0.407
  [Temporal] Flagged 6,375 / 73,293 users
  [Velocity] Computing cross-merchant velocity features...
  [Velocity] precision=1.000, recall=0.778, F1=0.875
  [Velocity] Flagged 364 / 5,468 merchants
  [Money Flow] Computing flow features...
  [Money Flow] precision=0.327, recall=0.111, F1=0.166
  [Money Flow] Flagged 159 / 5,468 merchants
    Fold 5 done
  [User Behavior] Engineering features...
  [User Behavior] Training Isolation Forest (73,344 users, 21 features)...
  [User Behavior] Results: precision=0.428, recall=0.100, F1=0.162
  [User Behavior] Flagged 5,501 / 73,344 users
  [Merchant Behavior] Engineering features...
  [Merchant Behavior] Training IF (5,468 merchants, 21 features)...
  [Merchant Behavior] precision=0.995, recall=0.874, F1=0.931
  [Merchant Behavior] Flagged 411 / 5,468 merchants
  [Network] Building transaction graph...
  [Network] Building merchant projection...
  [Network] Computing centrality...
  [Network] Detecting communities...
  [Network] Training IF (5,468 merchants, 11 features)...
  [Network] precision=0.869, recall=0.763, F1=0.812
  [Temporal] Scoring users with temporal rules...
  [Temporal] precision=0.952, recall=0.258, F1=0.406
  [Temporal] Flagged 6,374 / 73,344 users
  [Velocity] Computing cross-merchant velocity features...
  [Velocity] precision=1.000, recall=0.793, F1=0.884
  [Velocity] Flagged 371 / 5,468 merchants
  [Money Flow] Computing flow features...
  [Money Flow] precision=0.323, recall=0.107, F1=0.161
  [Money Flow] Flagged 155 / 5,468 merchants
    Fold 4 done

  Train combo 3/9: contamination=0.075, layer_threshold=50.0
  [User Behavior] Engineering features...
  [User Behavior] Training Isolation Forest (73,388 users, 21 features)...
  [User Behavior] Results: precision=0.468, recall=0.109, F1=0.177
  [User Behavior] Flagged 5,505 / 73,388 users
  [Merchant Behavior] Engineering features...
  [Merchant Behavior] Training IF (5,467 merchants, 21 features)...
  [Merchant Behavior] precision=0.995, recall=0.874, F1=0.930
  [Merchant Behavior] Flagged 410 / 5,467 merchants
  [Network] Building transaction graph...
  [Network] Building merchant projection...
  [Network] Computing centrality...
  [Network] Detecting communities...
  [Network] Training IF (5,467 merchants, 11 features)...
  [Network] precision=0.839, recall=0.737, F1=0.784
  [Temporal] Scoring users with temporal rules...
  [Temporal] precision=0.967, recall=0.068, F1=0.127
  [Temporal] Flagged 1,665 / 73,388 users
  [Velocity] Computing cross-merchant velocity features...
  [Velocity] precision=1.000, recall=0.298, F1=0.459
  [Velocity] Flagged 139 / 5,467 merchants
  [Money Flow] Computing flow features...
  [Money Flow] precision=1.000, recall=0.009, F1=0.017
  [Money Flow] Flagged 4 / 5,467 merchants
    Fold 2 done
  [User Behavior] Engineering features...
  [User Behavior] Training Isolation Forest (73,394 users, 21 features)...
  [User Behavior] Results: precision=0.512, recall=0.119, F1=0.193
  [User Behavior] Flagged 5,505 / 73,394 users
  [Merchant Behavior] Engineering features...
  [Merchant Behavior] Training IF (5,467 merchants, 21 features)...
  [Merchant Behavior] precision=0.993, recall=0.872, F1=0.928
  [Merchant Behavior] Flagged 410 / 5,467 merchants
  [Network] Building transaction graph...
  [Network] Building merchant projection...
  [Network] Computing centrality...
  [Network] Detecting communities...
  [Network] Training IF (5,467 merchants, 11 features)...
  [Network] precision=0.888, recall=0.779, F1=0.830
  [Temporal] Scoring users with temporal rules...
  [Temporal] precision=0.969, recall=0.071, F1=0.132
  [Temporal] Flagged 1,725 / 73,394 users
  [Velocity] Computing cross-merchant velocity features...
  [Velocity] precision=1.000, recall=0.306, F1=0.469
  [Velocity] Flagged 143 / 5,467 merchants
  [Money Flow] Computing flow features...
  [Money Flow] precision=1.000, recall=0.009, F1=0.017
  [Money Flow] Flagged 4 / 5,467 merchants
    Fold 3 done
  [User Behavior] Engineering features...
  [User Behavior] Training Isolation Forest (73,481 users, 21 features)...
  [User Behavior] Results: precision=0.475, recall=0.110, F1=0.179
  [User Behavior] Flagged 5,510 / 73,481 users
  [Merchant Behavior] Engineering features...
  [Merchant Behavior] Training IF (5,468 merchants, 21 features)...
  [Merchant Behavior] precision=0.998, recall=0.876, F1=0.933
  [Merchant Behavior] Flagged 411 / 5,468 merchants
  [Network] Building transaction graph...
  [Network] Building merchant projection...
  [Network] Computing centrality...
  [Network] Detecting communities...
  [Network] Training IF (5,468 merchants, 11 features)...
  [Network] precision=0.895, recall=0.786, F1=0.837
  [Temporal] Scoring users with temporal rules...
  [Temporal] precision=0.975, recall=0.069, F1=0.129
  [Temporal] Flagged 1,684 / 73,481 users
  [Velocity] Computing cross-merchant velocity features...
  [Velocity] precision=1.000, recall=0.297, F1=0.458
  [Velocity] Flagged 139 / 5,468 merchants
  [Money Flow] Computing flow features...
  [Money Flow] precision=1.000, recall=0.006, F1=0.013
  [Money Flow] Flagged 3 / 5,468 merchants
    Fold 1 done
  [User Behavior] Engineering features...
  [User Behavior] Training Isolation Forest (73,293 users, 21 features)...
  [User Behavior] Results: precision=0.513, recall=0.120, F1=0.195
  [User Behavior] Flagged 5,494 / 73,293 users
  [Merchant Behavior] Engineering features...
  [Merchant Behavior] Training IF (5,468 merchants, 21 features)...
  [Merchant Behavior] precision=1.000, recall=0.878, F1=0.935
  [Merchant Behavior] Flagged 411 / 5,468 merchants
  [Network] Building transaction graph...
  [Network] Building merchant projection...
  [Network] Computing centrality...
  [Network] Detecting communities...
  [Network] Training IF (5,468 merchants, 11 features)...
  [Network] precision=0.903, recall=0.793, F1=0.844
  [Temporal] Scoring users with temporal rules...
  [Temporal] precision=0.977, recall=0.071, F1=0.132
  [Temporal] Flagged 1,700 / 73,293 users
  [Velocity] Computing cross-merchant velocity features...
  [Velocity] precision=1.000, recall=0.267, F1=0.422
  [Velocity] Flagged 125 / 5,468 merchants
  [Money Flow] Computing flow features...
  [Money Flow] precision=1.000, recall=0.009, F1=0.017
  [Money Flow] Flagged 4 / 5,468 merchants
    Fold 5 done
  [User Behavior] Engineering features...
  [User Behavior] Training Isolation Forest (73,344 users, 21 features)...
  [User Behavior] Results: precision=0.428, recall=0.100, F1=0.162
  [User Behavior] Flagged 5,501 / 73,344 users
  [Merchant Behavior] Engineering features...
  [Merchant Behavior] Training IF (5,468 merchants, 21 features)...
  [Merchant Behavior] precision=0.995, recall=0.874, F1=0.931
  [Merchant Behavior] Flagged 411 / 5,468 merchants
  [Network] Building transaction graph...
  [Network] Building merchant projection...
  [Network] Computing centrality...
  [Network] Detecting communities...
  [Network] Training IF (5,468 merchants, 11 features)...
  [Network] precision=0.869, recall=0.763, F1=0.812
  [Temporal] Scoring users with temporal rules...
  [Temporal] precision=0.977, recall=0.071, F1=0.133
  [Temporal] Flagged 1,720 / 73,344 users
  [Velocity] Computing cross-merchant velocity features...
  [Velocity] precision=1.000, recall=0.295, F1=0.455
  [Velocity] Flagged 138 / 5,468 merchants
  [Money Flow] Computing flow features...
  [Money Flow] precision=1.000, recall=0.006, F1=0.013
  [Money Flow] Flagged 3 / 5,468 merchants
    Fold 4 done

  Train combo 4/9: contamination=0.15, layer_threshold=30.0
  [User Behavior] Engineering features...
  [User Behavior] Training Isolation Forest (73,481 users, 21 features)...
  [User Behavior] Results: precision=0.411, recall=0.191, F1=0.261
  [User Behavior] Flagged 11,022 / 73,481 users
  [Merchant Behavior] Engineering features...
  [Merchant Behavior] Training IF (5,468 merchants, 21 features)...
  [Merchant Behavior] precision=0.570, recall=1.000, F1=0.726
  [Merchant Behavior] Flagged 821 / 5,468 merchants
  [Network] Building transaction graph...
  [Network] Building merchant projection...
  [Network] Computing centrality...
  [Network] Detecting communities...
  [Network] Training IF (5,468 merchants, 11 features)...
  [Network] precision=0.570, recall=1.000, F1=0.726
  [Temporal] Scoring users with temporal rules...
  [Temporal] precision=0.809, recall=0.366, F1=0.504
  [Temporal] Flagged 10,728 / 73,481 users
  [Velocity] Computing cross-merchant velocity features...
  [Velocity] precision=1.000, recall=1.000, F1=1.000
  [Velocity] Flagged 468 / 5,468 merchants
  [Money Flow] Computing flow features...
  [Money Flow] precision=0.016, recall=0.145, F1=0.028
  [Money Flow] Flagged 4,381 / 5,468 merchants
    Fold 1 done
  [User Behavior] Engineering features...
  [User Behavior] Training Isolation Forest (73,394 users, 21 features)...
  [User Behavior] Results: precision=0.444, recall=0.207, F1=0.282
  [User Behavior] Flagged 11,009 / 73,394 users
  [Merchant Behavior] Engineering features...
  [Merchant Behavior] Training IF (5,467 merchants, 21 features)...
  [Merchant Behavior] precision=0.570, recall=1.000, F1=0.726
  [Merchant Behavior] Flagged 820 / 5,467 merchants
  [Network] Building transaction graph...
  [Network] Building merchant projection...
  [Network] Computing centrality...
  [Network] Detecting communities...
  [Network] Training IF (5,467 merchants, 11 features)...
  [Network] precision=0.570, recall=1.000, F1=0.726
  [Temporal] Scoring users with temporal rules...
  [Temporal] precision=0.809, recall=0.366, F1=0.504
  [Temporal] Flagged 10,687 / 73,394 users
  [Velocity] Computing cross-merchant velocity features...
  [Velocity] precision=0.998, recall=1.000, F1=0.999
  [Velocity] Flagged 468 / 5,467 merchants
  [Money Flow] Computing flow features...
  [Money Flow] precision=0.015, recall=0.143, F1=0.028
  [Money Flow] Flagged 4,394 / 5,467 merchants
    Fold 3 done
  [User Behavior] Engineering features...
  [User Behavior] Training Isolation Forest (73,388 users, 21 features)...
  [User Behavior] Results: precision=0.396, recall=0.184, F1=0.252
  [User Behavior] Flagged 11,009 / 73,388 users
  [Merchant Behavior] Engineering features...
  [Merchant Behavior] Training IF (5,467 merchants, 21 features)...
  [Merchant Behavior] precision=0.570, recall=1.000, F1=0.726
  [Merchant Behavior] Flagged 820 / 5,467 merchants
  [Network] Building transaction graph...
  [Network] Building merchant projection...
  [Network] Computing centrality...
  [Network] Detecting communities...
  [Network] Training IF (5,467 merchants, 11 features)...
  [Network] precision=0.570, recall=1.000, F1=0.726
  [Temporal] Scoring users with temporal rules...
  [Temporal] precision=0.809, recall=0.367, F1=0.505
  [Temporal] Flagged 10,704 / 73,388 users
  [Velocity] Computing cross-merchant velocity features...
  [Velocity] precision=0.998, recall=1.000, F1=0.999
  [Velocity] Flagged 468 / 5,467 merchants
  [Money Flow] Computing flow features...
  [Money Flow] precision=0.016, recall=0.148, F1=0.028
  [Money Flow] Flagged 4,385 / 5,467 merchants
    Fold 2 done
  [User Behavior] Engineering features...
  [User Behavior] Training Isolation Forest (73,344 users, 21 features)...
  [User Behavior] Results: precision=0.382, recall=0.178, F1=0.243
  [User Behavior] Flagged 11,002 / 73,344 users
  [Merchant Behavior] Engineering features...
  [Merchant Behavior] Training IF (5,468 merchants, 21 features)...
  [Merchant Behavior] precision=0.570, recall=1.000, F1=0.726
  [Merchant Behavior] Flagged 821 / 5,468 merchants
  [Network] Building transaction graph...
  [Network] Building merchant projection...
  [Network] Computing centrality...
  [Network] Detecting communities...
  [Network] Training IF (5,468 merchants, 11 features)...
  [Network] precision=0.570, recall=1.000, F1=0.726
  [Temporal] Scoring users with temporal rules...
  [Temporal] precision=0.811, recall=0.368, F1=0.507
  [Temporal] Flagged 10,704 / 73,344 users
  [Velocity] Computing cross-merchant velocity features...
  [Velocity] precision=1.000, recall=1.000, F1=1.000
  [Velocity] Flagged 468 / 5,468 merchants
  [Money Flow] Computing flow features...
  [Money Flow] precision=0.016, recall=0.150, F1=0.029
  [Money Flow] Flagged 4,381 / 5,468 merchants
    Fold 4 done
  [User Behavior] Engineering features...
  [User Behavior] Training Isolation Forest (73,293 users, 21 features)...
  [User Behavior] Results: precision=0.430, recall=0.201, F1=0.274
  [User Behavior] Flagged 10,994 / 73,293 users
  [Merchant Behavior] Engineering features...
  [Merchant Behavior] Training IF (5,468 merchants, 21 features)...
  [Merchant Behavior] precision=0.570, recall=1.000, F1=0.726
  [Merchant Behavior] Flagged 821 / 5,468 merchants
  [Network] Building transaction graph...
  [Network] Building merchant projection...
  [Network] Computing centrality...
  [Network] Detecting communities...
  [Network] Training IF (5,468 merchants, 11 features)...
  [Network] precision=0.570, recall=1.000, F1=0.726
  [Temporal] Scoring users with temporal rules...
  [Temporal] precision=0.812, recall=0.369, F1=0.507
  [Temporal] Flagged 10,665 / 73,293 users
  [Velocity] Computing cross-merchant velocity features...
  [Velocity] precision=0.998, recall=1.000, F1=0.999
  [Velocity] Flagged 469 / 5,468 merchants
  [Money Flow] Computing flow features...
  [Money Flow] precision=0.016, recall=0.147, F1=0.028
  [Money Flow] Flagged 4,414 / 5,468 merchants
    Fold 5 done

  Train combo 5/9: contamination=0.15, layer_threshold=40.0
  [User Behavior] Engineering features...
  [User Behavior] Training Isolation Forest (73,388 users, 21 features)...
  [User Behavior] Results: precision=0.396, recall=0.184, F1=0.252
  [User Behavior] Flagged 11,009 / 73,388 users
  [Merchant Behavior] Engineering features...
  [Merchant Behavior] Training IF (5,467 merchants, 21 features)...
  [Merchant Behavior] precision=0.570, recall=1.000, F1=0.726
  [Merchant Behavior] Flagged 820 / 5,467 merchants
  [Network] Building transaction graph...
  [Network] Building merchant projection...
  [Network] Computing centrality...
  [Network] Detecting communities...
  [Network] Training IF (5,467 merchants, 11 features)...
  [Network] precision=0.570, recall=1.000, F1=0.726
  [Temporal] Scoring users with temporal rules...
  [Temporal] precision=0.949, recall=0.257, F1=0.404
  [Temporal] Flagged 6,399 / 73,388 users
  [Velocity] Computing cross-merchant velocity features...
  [Velocity] precision=1.000, recall=0.794, F1=0.885
  [Velocity] Flagged 371 / 5,467 merchants
  [Money Flow] Computing flow features...
  [Money Flow] precision=0.331, recall=0.113, F1=0.169
  [Money Flow] Flagged 160 / 5,467 merchants
    Fold 2 done
  [User Behavior] Engineering features...
  [User Behavior] Training Isolation Forest (73,394 users, 21 features)...
  [User Behavior] Results: precision=0.444, recall=0.207, F1=0.282
  [User Behavior] Flagged 11,009 / 73,394 users
  [Merchant Behavior] Engineering features...
  [Merchant Behavior] Training IF (5,467 merchants, 21 features)...
  [Merchant Behavior] precision=0.570, recall=1.000, F1=0.726
  [Merchant Behavior] Flagged 820 / 5,467 merchants
  [Network] Building transaction graph...
  [Network] Building merchant projection...
  [Network] Computing centrality...
  [Network] Detecting communities...
  [Network] Training IF (5,467 merchants, 11 features)...
  [Network] precision=0.570, recall=1.000, F1=0.726
  [Temporal] Scoring users with temporal rules...
  [Temporal] precision=0.948, recall=0.255, F1=0.402
  [Temporal] Flagged 6,359 / 73,394 users
  [Velocity] Computing cross-merchant velocity features...
  [Velocity] precision=1.000, recall=0.799, F1=0.888
  [Velocity] Flagged 373 / 5,467 merchants
  [Money Flow] Computing flow features...
  [Money Flow] precision=0.324, recall=0.103, F1=0.156
  [Money Flow] Flagged 148 / 5,467 merchants
    Fold 3 done
  [User Behavior] Engineering features...
  [User Behavior] Training Isolation Forest (73,481 users, 21 features)...
  [User Behavior] Results: precision=0.411, recall=0.191, F1=0.261
  [User Behavior] Flagged 11,022 / 73,481 users
  [Merchant Behavior] Engineering features...
  [Merchant Behavior] Training IF (5,468 merchants, 21 features)...
  [Merchant Behavior] precision=0.570, recall=1.000, F1=0.726
  [Merchant Behavior] Flagged 821 / 5,468 merchants
  [Network] Building transaction graph...
  [Network] Building merchant projection...
  [Network] Computing centrality...
  [Network] Detecting communities...
  [Network] Training IF (5,468 merchants, 11 features)...
  [Network] precision=0.570, recall=1.000, F1=0.726
  [Temporal] Scoring users with temporal rules...
  [Temporal] precision=0.951, recall=0.256, F1=0.404
  [Temporal] Flagged 6,384 / 73,481 users
  [Velocity] Computing cross-merchant velocity features...
  [Velocity] precision=1.000, recall=0.780, F1=0.876
  [Velocity] Flagged 365 / 5,468 merchants
  [Money Flow] Computing flow features...
  [Money Flow] precision=0.295, recall=0.105, F1=0.155
  [Money Flow] Flagged 166 / 5,468 merchants
    Fold 1 done
  [User Behavior] Engineering features...
  [User Behavior] Training Isolation Forest (73,344 users, 21 features)...
  [User Behavior] Results: precision=0.382, recall=0.178, F1=0.243
  [User Behavior] Flagged 11,002 / 73,344 users
  [Merchant Behavior] Engineering features...
  [Merchant Behavior] Training IF (5,468 merchants, 21 features)...
  [Merchant Behavior] precision=0.570, recall=1.000, F1=0.726
  [Merchant Behavior] Flagged 821 / 5,468 merchants
  [Network] Building transaction graph...
  [Network] Building merchant projection...
  [Network] Computing centrality...
  [Network] Detecting communities...
  [Network] Training IF (5,468 merchants, 11 features)...
  [Network] precision=0.570, recall=1.000, F1=0.726
  [Temporal] Scoring users with temporal rules...
  [Temporal] precision=0.952, recall=0.258, F1=0.406
  [Temporal] Flagged 6,374 / 73,344 users
  [Velocity] Computing cross-merchant velocity features...
  [Velocity] precision=1.000, recall=0.793, F1=0.884
  [Velocity] Flagged 371 / 5,468 merchants
  [Money Flow] Computing flow features...
  [Money Flow] precision=0.323, recall=0.107, F1=0.161
  [Money Flow] Flagged 155 / 5,468 merchants
    Fold 4 done
  [User Behavior] Engineering features...
  [User Behavior] Training Isolation Forest (73,293 users, 21 features)...
  [User Behavior] Results: precision=0.430, recall=0.201, F1=0.274
  [User Behavior] Flagged 10,994 / 73,293 users
  [Merchant Behavior] Engineering features...
  [Merchant Behavior] Training IF (5,468 merchants, 21 features)...
  [Merchant Behavior] precision=0.570, recall=1.000, F1=0.726
  [Merchant Behavior] Flagged 821 / 5,468 merchants
  [Network] Building transaction graph...
  [Network] Building merchant projection...
  [Network] Computing centrality...
  [Network] Detecting communities...
  [Network] Training IF (5,468 merchants, 11 features)...
  [Network] precision=0.570, recall=1.000, F1=0.726
  [Temporal] Scoring users with temporal rules...
  [Temporal] precision=0.952, recall=0.258, F1=0.407
  [Temporal] Flagged 6,375 / 73,293 users
  [Velocity] Computing cross-merchant velocity features...
  [Velocity] precision=1.000, recall=0.778, F1=0.875
  [Velocity] Flagged 364 / 5,468 merchants
  [Money Flow] Computing flow features...
  [Money Flow] precision=0.327, recall=0.111, F1=0.166
  [Money Flow] Flagged 159 / 5,468 merchants
    Fold 5 done

  Train combo 6/9: contamination=0.15, layer_threshold=50.0
  [User Behavior] Engineering features...
  [User Behavior] Training Isolation Forest (73,388 users, 21 features)...
  [User Behavior] Results: precision=0.396, recall=0.184, F1=0.252
  [User Behavior] Flagged 11,009 / 73,388 users
  [Merchant Behavior] Engineering features...
  [Merchant Behavior] Training IF (5,467 merchants, 21 features)...
  [Merchant Behavior] precision=0.570, recall=1.000, F1=0.726
  [Merchant Behavior] Flagged 820 / 5,467 merchants
  [Network] Building transaction graph...
  [Network] Building merchant projection...
  [Network] Computing centrality...
  [Network] Detecting communities...
  [Network] Training IF (5,467 merchants, 11 features)...
  [Network] precision=0.570, recall=1.000, F1=0.726
  [Temporal] Scoring users with temporal rules...
  [Temporal] precision=0.967, recall=0.068, F1=0.127
  [Temporal] Flagged 1,665 / 73,388 users
  [Velocity] Computing cross-merchant velocity features...
  [Velocity] precision=1.000, recall=0.298, F1=0.459
  [Velocity] Flagged 139 / 5,467 merchants
  [Money Flow] Computing flow features...
  [Money Flow] precision=1.000, recall=0.009, F1=0.017
  [Money Flow] Flagged 4 / 5,467 merchants
    Fold 2 done
  [User Behavior] Engineering features...
  [User Behavior] Training Isolation Forest (73,481 users, 21 features)...
  [User Behavior] Results: precision=0.411, recall=0.191, F1=0.261
  [User Behavior] Flagged 11,022 / 73,481 users
  [Merchant Behavior] Engineering features...
  [Merchant Behavior] Training IF (5,468 merchants, 21 features)...
  [Merchant Behavior] precision=0.570, recall=1.000, F1=0.726
  [Merchant Behavior] Flagged 821 / 5,468 merchants
  [Network] Building transaction graph...
  [Network] Building merchant projection...
  [Network] Computing centrality...
  [Network] Detecting communities...
  [Network] Training IF (5,468 merchants, 11 features)...
  [Network] precision=0.570, recall=1.000, F1=0.726
  [Temporal] Scoring users with temporal rules...
  [Temporal] precision=0.975, recall=0.069, F1=0.129
  [Temporal] Flagged 1,684 / 73,481 users
  [Velocity] Computing cross-merchant velocity features...
  [Velocity] precision=1.000, recall=0.297, F1=0.458
  [Velocity] Flagged 139 / 5,468 merchants
  [Money Flow] Computing flow features...
  [Money Flow] precision=1.000, recall=0.006, F1=0.013
  [Money Flow] Flagged 3 / 5,468 merchants
    Fold 1 done
  [User Behavior] Engineering features...
  [User Behavior] Training Isolation Forest (73,394 users, 21 features)...
  [User Behavior] Results: precision=0.444, recall=0.207, F1=0.282
  [User Behavior] Flagged 11,009 / 73,394 users
  [Merchant Behavior] Engineering features...
  [Merchant Behavior] Training IF (5,467 merchants, 21 features)...
  [Merchant Behavior] precision=0.570, recall=1.000, F1=0.726
  [Merchant Behavior] Flagged 820 / 5,467 merchants
  [Network] Building transaction graph...
  [Network] Building merchant projection...
  [Network] Computing centrality...
  [Network] Detecting communities...
  [Network] Training IF (5,467 merchants, 11 features)...
  [Network] precision=0.570, recall=1.000, F1=0.726
  [Temporal] Scoring users with temporal rules...
  [Temporal] precision=0.969, recall=0.071, F1=0.132
  [Temporal] Flagged 1,725 / 73,394 users
  [Velocity] Computing cross-merchant velocity features...
  [Velocity] precision=1.000, recall=0.306, F1=0.469
  [Velocity] Flagged 143 / 5,467 merchants
  [Money Flow] Computing flow features...
  [Money Flow] precision=1.000, recall=0.009, F1=0.017
  [Money Flow] Flagged 4 / 5,467 merchants
    Fold 3 done
  [User Behavior] Engineering features...
  [User Behavior] Training Isolation Forest (73,344 users, 21 features)...
  [User Behavior] Results: precision=0.382, recall=0.178, F1=0.243
  [User Behavior] Flagged 11,002 / 73,344 users
  [Merchant Behavior] Engineering features...
  [Merchant Behavior] Training IF (5,468 merchants, 21 features)...
  [Merchant Behavior] precision=0.570, recall=1.000, F1=0.726
  [Merchant Behavior] Flagged 821 / 5,468 merchants
  [Network] Building transaction graph...
  [Network] Building merchant projection...
  [Network] Computing centrality...
  [Network] Detecting communities...
  [Network] Training IF (5,468 merchants, 11 features)...
  [Network] precision=0.570, recall=1.000, F1=0.726
  [Temporal] Scoring users with temporal rules...
  [Temporal] precision=0.977, recall=0.071, F1=0.133
  [Temporal] Flagged 1,720 / 73,344 users
  [Velocity] Computing cross-merchant velocity features...
  [Velocity] precision=1.000, recall=0.295, F1=0.455
  [Velocity] Flagged 138 / 5,468 merchants
  [Money Flow] Computing flow features...
  [Money Flow] precision=1.000, recall=0.006, F1=0.013
  [Money Flow] Flagged 3 / 5,468 merchants
    Fold 4 done
  [User Behavior] Engineering features...
  [User Behavior] Training Isolation Forest (73,293 users, 21 features)...
  [User Behavior] Results: precision=0.430, recall=0.201, F1=0.274
  [User Behavior] Flagged 10,994 / 73,293 users
  [Merchant Behavior] Engineering features...
  [Merchant Behavior] Training IF (5,468 merchants, 21 features)...
  [Merchant Behavior] precision=0.570, recall=1.000, F1=0.726
  [Merchant Behavior] Flagged 821 / 5,468 merchants
  [Network] Building transaction graph...
  [Network] Building merchant projection...
  [Network] Computing centrality...
  [Network] Detecting communities...
  [Network] Training IF (5,468 merchants, 11 features)...
  [Network] precision=0.570, recall=1.000, F1=0.726
  [Temporal] Scoring users with temporal rules...
  [Temporal] precision=0.977, recall=0.071, F1=0.132
  [Temporal] Flagged 1,700 / 73,293 users
  [Velocity] Computing cross-merchant velocity features...
  [Velocity] precision=1.000, recall=0.267, F1=0.422
  [Velocity] Flagged 125 / 5,468 merchants
  [Money Flow] Computing flow features...
  [Money Flow] precision=1.000, recall=0.009, F1=0.017
  [Money Flow] Flagged 4 / 5,468 merchants
    Fold 5 done

  Train combo 7/9: contamination=0.225, layer_threshold=30.0
  [User Behavior] Engineering features...
  [User Behavior] Training Isolation Forest (73,481 users, 21 features)...
  [User Behavior] Results: precision=0.363, recall=0.253, F1=0.298
  [User Behavior] Flagged 16,533 / 73,481 users
  [Merchant Behavior] Engineering features...
  [Merchant Behavior] Training IF (5,468 merchants, 21 features)...
  [Merchant Behavior] precision=0.380, recall=1.000, F1=0.551
  [Merchant Behavior] Flagged 1,231 / 5,468 merchants
  [Network] Building transaction graph...
  [Network] Building merchant projection...
  [Network] Computing centrality...
  [Network] Detecting communities...
  [Network] Training IF (5,468 merchants, 11 features)...
  [Network] precision=0.380, recall=1.000, F1=0.551
  [Temporal] Scoring users with temporal rules...
  [Temporal] precision=0.809, recall=0.366, F1=0.504
  [Temporal] Flagged 10,728 / 73,481 users
  [Velocity] Computing cross-merchant velocity features...
  [Velocity] precision=1.000, recall=1.000, F1=1.000
  [Velocity] Flagged 468 / 5,468 merchants
  [Money Flow] Computing flow features...
  [Money Flow] precision=0.016, recall=0.145, F1=0.028
  [Money Flow] Flagged 4,381 / 5,468 merchants
    Fold 1 done
  [User Behavior] Engineering features...
  [User Behavior] Training Isolation Forest (73,388 users, 21 features)...
  [User Behavior] Results: precision=0.353, recall=0.247, F1=0.291
  [User Behavior] Flagged 16,511 / 73,388 users
  [Merchant Behavior] Engineering features...
  [Merchant Behavior] Training IF (5,467 merchants, 21 features)...
  [Merchant Behavior] precision=0.380, recall=1.000, F1=0.550
  [Merchant Behavior] Flagged 1,230 / 5,467 merchants
  [Network] Building transaction graph...
  [Network] Building merchant projection...
  [Network] Computing centrality...
  [Network] Detecting communities...
  [Network] Training IF (5,467 merchants, 11 features)...
  [Network] precision=0.380, recall=1.000, F1=0.550
  [Temporal] Scoring users with temporal rules...
  [Temporal] precision=0.809, recall=0.367, F1=0.505
  [Temporal] Flagged 10,704 / 73,388 users
  [Velocity] Computing cross-merchant velocity features...
  [Velocity] precision=0.998, recall=1.000, F1=0.999
  [Velocity] Flagged 468 / 5,467 merchants
  [Money Flow] Computing flow features...
  [Money Flow] precision=0.016, recall=0.148, F1=0.028
  [Money Flow] Flagged 4,385 / 5,467 merchants
    Fold 2 done
  [User Behavior] Engineering features...
  [User Behavior] Training Isolation Forest (73,394 users, 21 features)...
  [User Behavior] Results: precision=0.389, recall=0.272, F1=0.320
  [User Behavior] Flagged 16,514 / 73,394 users
  [Merchant Behavior] Engineering features...
  [Merchant Behavior] Training IF (5,467 merchants, 21 features)...
  [Merchant Behavior] precision=0.380, recall=1.000, F1=0.550
  [Merchant Behavior] Flagged 1,230 / 5,467 merchants
  [Network] Building transaction graph...
  [Network] Building merchant projection...
  [Network] Computing centrality...
  [Network] Detecting communities...
  [Network] Training IF (5,467 merchants, 11 features)...
  [Network] precision=0.380, recall=1.000, F1=0.550
  [Temporal] Scoring users with temporal rules...
  [Temporal] precision=0.809, recall=0.366, F1=0.504
  [Temporal] Flagged 10,687 / 73,394 users
  [Velocity] Computing cross-merchant velocity features...
  [Velocity] precision=0.998, recall=1.000, F1=0.999
  [Velocity] Flagged 468 / 5,467 merchants
  [Money Flow] Computing flow features...
  [Money Flow] precision=0.015, recall=0.143, F1=0.028
  [Money Flow] Flagged 4,394 / 5,467 merchants
    Fold 3 done
  [User Behavior] Engineering features...
  [User Behavior] Training Isolation Forest (73,344 users, 21 features)...
  [User Behavior] Results: precision=0.347, recall=0.243, F1=0.286
  [User Behavior] Flagged 16,503 / 73,344 users
  [Merchant Behavior] Engineering features...
  [Merchant Behavior] Training IF (5,468 merchants, 21 features)...
  [Merchant Behavior] precision=0.380, recall=1.000, F1=0.551
  [Merchant Behavior] Flagged 1,231 / 5,468 merchants
  [Network] Building transaction graph...
  [Network] Building merchant projection...
  [Network] Computing centrality...
  [Network] Detecting communities...
  [Network] Training IF (5,468 merchants, 11 features)...
  [Network] precision=0.380, recall=1.000, F1=0.551
  [Temporal] Scoring users with temporal rules...
  [Temporal] precision=0.811, recall=0.368, F1=0.507
  [Temporal] Flagged 10,704 / 73,344 users
  [Velocity] Computing cross-merchant velocity features...
  [Velocity] precision=1.000, recall=1.000, F1=1.000
  [Velocity] Flagged 468 / 5,468 merchants
  [Money Flow] Computing flow features...
  [Money Flow] precision=0.016, recall=0.150, F1=0.029
  [Money Flow] Flagged 4,381 / 5,468 merchants
    Fold 4 done
  [User Behavior] Engineering features...
  [User Behavior] Training Isolation Forest (73,293 users, 21 features)...
  [User Behavior] Results: precision=0.379, recall=0.266, F1=0.313
  [User Behavior] Flagged 16,468 / 73,293 users
  [Merchant Behavior] Engineering features...
  [Merchant Behavior] Training IF (5,468 merchants, 21 features)...
  [Merchant Behavior] precision=0.380, recall=1.000, F1=0.551
  [Merchant Behavior] Flagged 1,231 / 5,468 merchants
  [Network] Building transaction graph...
  [Network] Building merchant projection...
  [Network] Computing centrality...
  [Network] Detecting communities...
  [Network] Training IF (5,468 merchants, 11 features)...
  [Network] precision=0.380, recall=1.000, F1=0.551
  [Temporal] Scoring users with temporal rules...
  [Temporal] precision=0.812, recall=0.369, F1=0.507
  [Temporal] Flagged 10,665 / 73,293 users
  [Velocity] Computing cross-merchant velocity features...
  [Velocity] precision=0.998, recall=1.000, F1=0.999
  [Velocity] Flagged 469 / 5,468 merchants
  [Money Flow] Computing flow features...
  [Money Flow] precision=0.016, recall=0.147, F1=0.028
  [Money Flow] Flagged 4,414 / 5,468 merchants
    Fold 5 done

  Train combo 8/9: contamination=0.225, layer_threshold=40.0
  [User Behavior] Engineering features...
  [User Behavior] Training Isolation Forest (73,394 users, 21 features)...
  [User Behavior] Results: precision=0.389, recall=0.272, F1=0.320
  [User Behavior] Flagged 16,514 / 73,394 users
  [Merchant Behavior] Engineering features...
  [Merchant Behavior] Training IF (5,467 merchants, 21 features)...
  [Merchant Behavior] precision=0.380, recall=1.000, F1=0.550
  [Merchant Behavior] Flagged 1,230 / 5,467 merchants
  [Network] Building transaction graph...
  [Network] Building merchant projection...
  [Network] Computing centrality...
  [Network] Detecting communities...
  [Network] Training IF (5,467 merchants, 11 features)...
  [Network] precision=0.380, recall=1.000, F1=0.550
  [Temporal] Scoring users with temporal rules...
  [Temporal] precision=0.948, recall=0.255, F1=0.402
  [Temporal] Flagged 6,359 / 73,394 users
  [Velocity] Computing cross-merchant velocity features...
  [Velocity] precision=1.000, recall=0.799, F1=0.888
  [Velocity] Flagged 373 / 5,467 merchants
  [Money Flow] Computing flow features...
  [Money Flow] precision=0.324, recall=0.103, F1=0.156
  [Money Flow] Flagged 148 / 5,467 merchants
    Fold 3 done
  [User Behavior] Engineering features...
  [User Behavior] Training Isolation Forest (73,388 users, 21 features)...
  [User Behavior] Results: precision=0.353, recall=0.247, F1=0.291
  [User Behavior] Flagged 16,511 / 73,388 users
  [Merchant Behavior] Engineering features...
  [Merchant Behavior] Training IF (5,467 merchants, 21 features)...
  [Merchant Behavior] precision=0.380, recall=1.000, F1=0.550
  [Merchant Behavior] Flagged 1,230 / 5,467 merchants
  [Network] Building transaction graph...
  [Network] Building merchant projection...
  [Network] Computing centrality...
  [Network] Detecting communities...
  [Network] Training IF (5,467 merchants, 11 features)...
  [Network] precision=0.380, recall=1.000, F1=0.550
  [Temporal] Scoring users with temporal rules...
  [Temporal] precision=0.949, recall=0.257, F1=0.404
  [Temporal] Flagged 6,399 / 73,388 users
  [Velocity] Computing cross-merchant velocity features...
  [Velocity] precision=1.000, recall=0.794, F1=0.885
  [Velocity] Flagged 371 / 5,467 merchants
  [Money Flow] Computing flow features...
  [Money Flow] precision=0.331, recall=0.113, F1=0.169
  [Money Flow] Flagged 160 / 5,467 merchants
    Fold 2 done
  [User Behavior] Engineering features...
  [User Behavior] Training Isolation Forest (73,481 users, 21 features)...
  [User Behavior] Results: precision=0.363, recall=0.253, F1=0.298
  [User Behavior] Flagged 16,533 / 73,481 users
  [Merchant Behavior] Engineering features...
  [Merchant Behavior] Training IF (5,468 merchants, 21 features)...
  [Merchant Behavior] precision=0.380, recall=1.000, F1=0.551
  [Merchant Behavior] Flagged 1,231 / 5,468 merchants
  [Network] Building transaction graph...
  [Network] Building merchant projection...
  [Network] Computing centrality...
  [Network] Detecting communities...
  [Network] Training IF (5,468 merchants, 11 features)...
  [Network] precision=0.380, recall=1.000, F1=0.551
  [Temporal] Scoring users with temporal rules...
  [Temporal] precision=0.951, recall=0.256, F1=0.404
  [Temporal] Flagged 6,384 / 73,481 users
  [Velocity] Computing cross-merchant velocity features...
  [Velocity] precision=1.000, recall=0.780, F1=0.876
  [Velocity] Flagged 365 / 5,468 merchants
  [Money Flow] Computing flow features...
  [Money Flow] precision=0.295, recall=0.105, F1=0.155
  [Money Flow] Flagged 166 / 5,468 merchants
    Fold 1 done
  [User Behavior] Engineering features...
  [User Behavior] Training Isolation Forest (73,344 users, 21 features)...
  [User Behavior] Results: precision=0.347, recall=0.243, F1=0.286
  [User Behavior] Flagged 16,503 / 73,344 users
  [Merchant Behavior] Engineering features...
  [Merchant Behavior] Training IF (5,468 merchants, 21 features)...
  [Merchant Behavior] precision=0.380, recall=1.000, F1=0.551
  [Merchant Behavior] Flagged 1,231 / 5,468 merchants
  [Network] Building transaction graph...
  [Network] Building merchant projection...
  [Network] Computing centrality...
  [Network] Detecting communities...
  [Network] Training IF (5,468 merchants, 11 features)...
  [Network] precision=0.380, recall=1.000, F1=0.551
  [Temporal] Scoring users with temporal rules...
  [Temporal] precision=0.952, recall=0.258, F1=0.406
  [Temporal] Flagged 6,374 / 73,344 users
  [Velocity] Computing cross-merchant velocity features...
  [Velocity] precision=1.000, recall=0.793, F1=0.884
  [Velocity] Flagged 371 / 5,468 merchants
  [Money Flow] Computing flow features...
  [Money Flow] precision=0.323, recall=0.107, F1=0.161
  [Money Flow] Flagged 155 / 5,468 merchants
    Fold 4 done
  [User Behavior] Engineering features...
  [User Behavior] Training Isolation Forest (73,293 users, 21 features)...
  [User Behavior] Results: precision=0.379, recall=0.266, F1=0.313
  [User Behavior] Flagged 16,468 / 73,293 users
  [Merchant Behavior] Engineering features...
  [Merchant Behavior] Training IF (5,468 merchants, 21 features)...
  [Merchant Behavior] precision=0.380, recall=1.000, F1=0.551
  [Merchant Behavior] Flagged 1,231 / 5,468 merchants
  [Network] Building transaction graph...
  [Network] Building merchant projection...
  [Network] Computing centrality...
  [Network] Detecting communities...
  [Network] Training IF (5,468 merchants, 11 features)...
  [Network] precision=0.380, recall=1.000, F1=0.551
  [Temporal] Scoring users with temporal rules...
  [Temporal] precision=0.952, recall=0.258, F1=0.407
  [Temporal] Flagged 6,375 / 73,293 users
  [Velocity] Computing cross-merchant velocity features...
  [Velocity] precision=1.000, recall=0.778, F1=0.875
  [Velocity] Flagged 364 / 5,468 merchants
  [Money Flow] Computing flow features...
  [Money Flow] precision=0.327, recall=0.111, F1=0.166
  [Money Flow] Flagged 159 / 5,468 merchants
    Fold 5 done

  Train combo 9/9: contamination=0.225, layer_threshold=50.0
  [User Behavior] Engineering features...
  [User Behavior] Training Isolation Forest (73,394 users, 21 features)...
  [User Behavior] Results: precision=0.389, recall=0.272, F1=0.320
  [User Behavior] Flagged 16,514 / 73,394 users
  [Merchant Behavior] Engineering features...
  [Merchant Behavior] Training IF (5,467 merchants, 21 features)...
  [Merchant Behavior] precision=0.380, recall=1.000, F1=0.550
  [Merchant Behavior] Flagged 1,230 / 5,467 merchants
  [Network] Building transaction graph...
  [Network] Building merchant projection...
  [Network] Computing centrality...
  [Network] Detecting communities...
  [Network] Training IF (5,467 merchants, 11 features)...
  [Network] precision=0.380, recall=1.000, F1=0.550
  [Temporal] Scoring users with temporal rules...
  [Temporal] precision=0.969, recall=0.071, F1=0.132
  [Temporal] Flagged 1,725 / 73,394 users
  [Velocity] Computing cross-merchant velocity features...
  [Velocity] precision=1.000, recall=0.306, F1=0.469
  [Velocity] Flagged 143 / 5,467 merchants
  [Money Flow] Computing flow features...
  [Money Flow] precision=1.000, recall=0.009, F1=0.017
  [Money Flow] Flagged 4 / 5,467 merchants
    Fold 3 done
  [User Behavior] Engineering features...
  [User Behavior] Training Isolation Forest (73,481 users, 21 features)...
  [User Behavior] Results: precision=0.363, recall=0.253, F1=0.298
  [User Behavior] Flagged 16,533 / 73,481 users
  [Merchant Behavior] Engineering features...
  [Merchant Behavior] Training IF (5,468 merchants, 21 features)...
  [Merchant Behavior] precision=0.380, recall=1.000, F1=0.551
  [Merchant Behavior] Flagged 1,231 / 5,468 merchants
  [Network] Building transaction graph...
  [Network] Building merchant projection...
  [Network] Computing centrality...
  [Network] Detecting communities...
  [Network] Training IF (5,468 merchants, 11 features)...
  [Network] precision=0.380, recall=1.000, F1=0.551
  [Temporal] Scoring users with temporal rules...
  [Temporal] precision=0.975, recall=0.069, F1=0.129
  [Temporal] Flagged 1,684 / 73,481 users
  [Velocity] Computing cross-merchant velocity features...
  [Velocity] precision=1.000, recall=0.297, F1=0.458
  [Velocity] Flagged 139 / 5,468 merchants
  [Money Flow] Computing flow features...
  [Money Flow] precision=1.000, recall=0.006, F1=0.013
  [Money Flow] Flagged 3 / 5,468 merchants
    Fold 1 done
  [User Behavior] Engineering features...
  [User Behavior] Training Isolation Forest (73,293 users, 21 features)...
  [User Behavior] Results: precision=0.379, recall=0.266, F1=0.313
  [User Behavior] Flagged 16,468 / 73,293 users
  [Merchant Behavior] Engineering features...
  [Merchant Behavior] Training IF (5,468 merchants, 21 features)...
  [Merchant Behavior] precision=0.380, recall=1.000, F1=0.551
  [Merchant Behavior] Flagged 1,231 / 5,468 merchants
  [Network] Building transaction graph...
  [Network] Building merchant projection...
  [Network] Computing centrality...
  [Network] Detecting communities...
  [Network] Training IF (5,468 merchants, 11 features)...
  [Network] precision=0.380, recall=1.000, F1=0.551
  [Temporal] Scoring users with temporal rules...
  [Temporal] precision=0.977, recall=0.071, F1=0.132
  [Temporal] Flagged 1,700 / 73,293 users
  [Velocity] Computing cross-merchant velocity features...
  [Velocity] precision=1.000, recall=0.267, F1=0.422
  [Velocity] Flagged 125 / 5,468 merchants
  [Money Flow] Computing flow features...
  [Money Flow] precision=1.000, recall=0.009, F1=0.017
  [Money Flow] Flagged 4 / 5,468 merchants
    Fold 5 done
  [User Behavior] Engineering features...
  [User Behavior] Training Isolation Forest (73,388 users, 21 features)...
  [User Behavior] Results: precision=0.353, recall=0.247, F1=0.291
  [User Behavior] Flagged 16,511 / 73,388 users
  [Merchant Behavior] Engineering features...
  [Merchant Behavior] Training IF (5,467 merchants, 21 features)...
  [Merchant Behavior] precision=0.380, recall=1.000, F1=0.550
  [Merchant Behavior] Flagged 1,230 / 5,467 merchants
  [Network] Building transaction graph...
  [Network] Building merchant projection...
  [Network] Computing centrality...
  [Network] Detecting communities...
  [Network] Training IF (5,467 merchants, 11 features)...
  [Network] precision=0.380, recall=1.000, F1=0.550
  [Temporal] Scoring users with temporal rules...
  [Temporal] precision=0.967, recall=0.068, F1=0.127
  [Temporal] Flagged 1,665 / 73,388 users
  [Velocity] Computing cross-merchant velocity features...
  [Velocity] precision=1.000, recall=0.298, F1=0.459
  [Velocity] Flagged 139 / 5,467 merchants
  [Money Flow] Computing flow features...
  [Money Flow] precision=1.000, recall=0.009, F1=0.017
  [Money Flow] Flagged 4 / 5,467 merchants
    Fold 2 done
  [User Behavior] Engineering features...
  [User Behavior] Training Isolation Forest (73,344 users, 21 features)...
  [User Behavior] Results: precision=0.347, recall=0.243, F1=0.286
  [User Behavior] Flagged 16,503 / 73,344 users
  [Merchant Behavior] Engineering features...
  [Merchant Behavior] Training IF (5,468 merchants, 21 features)...
  [Merchant Behavior] precision=0.380, recall=1.000, F1=0.551
  [Merchant Behavior] Flagged 1,231 / 5,468 merchants
  [Network] Building transaction graph...
  [Network] Building merchant projection...
  [Network] Computing centrality...
  [Network] Detecting communities...
  [Network] Training IF (5,468 merchants, 11 features)...
  [Network] precision=0.380, recall=1.000, F1=0.551
  [Temporal] Scoring users with temporal rules...
  [Temporal] precision=0.977, recall=0.071, F1=0.133
  [Temporal] Flagged 1,720 / 73,344 users
  [Velocity] Computing cross-merchant velocity features...
  [Velocity] precision=1.000, recall=0.295, F1=0.455
  [Velocity] Flagged 138 / 5,468 merchants
  [Money Flow] Computing flow features...
  [Money Flow] precision=1.000, recall=0.006, F1=0.013
  [Money Flow] Flagged 3 / 5,468 merchants
    Fold 4 done

  ✓ Best combo #103/1800: avg F1 = 0.9998 ± 0.0001
    contamination=0.075, layer_threshold=30.0, combined_threshold=40
    weights: {'user': np.float64(0.3), 'merchant': np.float64(0.03), 'network': np.float64(0.02), 'temporal': np.float64(0.08), 'velocity': np.float64(0.53), 'flow': np.float64(0.04)}
    per-fold F1: ['0.9997', '0.9998', '0.9998', '0.9999', '0.9998']

[4/6] Training final model on full train pool (400,000 rows)...
  Training User Behavior...   [User Behavior] Engineering features...
  [User Behavior] Training Isolation Forest (77,372 users, 21 features)...
  [User Behavior] Results: precision=0.581, recall=0.123, F1=0.203
  [User Behavior] Flagged 5,803 / 77,372 users
F1=0.203 (287.4s)
  Training Merchant Behavior...   [Merchant Behavior] Engineering features...
  [Merchant Behavior] Training IF (5,468 merchants, 21 features)...
  [Merchant Behavior] precision=1.000, recall=0.878, F1=0.935
  [Merchant Behavior] Flagged 411 / 5,468 merchants
F1=0.935 (21.1s)
  Training Network Clustering...   [Network] Building transaction graph...
  [Network] Building merchant projection...
  [Network] Computing centrality...
  [Network] Detecting communities...
  [Network] Training IF (5,468 merchants, 11 features)...
  [Network] precision=0.873, recall=0.767, F1=0.817
F1=0.817 (81.6s)
  Training Temporal Pattern...   [Temporal] Scoring users with temporal rules...
  [Temporal] precision=0.886, recall=0.365, F1=0.517
  [Temporal] Flagged 11,295 / 77,372 users
F1=0.517 (169.7s)
  Training Velocity Delta...   [Velocity] Computing cross-merchant velocity features...
  [Velocity] precision=1.000, recall=1.000, F1=1.000
  [Velocity] Flagged 468 / 5,468 merchants
F1=1.000 (0.7s)
  Training Money Flow...   [Money Flow] Computing flow features...
  [Money Flow] precision=0.016, recall=0.137, F1=0.028
  [Money Flow] Flagged 4,110 / 5,468 merchants
F1=0.028 (14.4s)

[5/6] Final evaluation on locked test set (100,000 rows) 🔒...

============================================================
  PANTAU — Combined Risk Scoring Report
============================================================
  Total transactions: 100,000
  Flagged (score ≥ 40): 15,008

  Precision:  0.9995
  Recall:     1.0000
  F1 Score:   0.9997
  AUC-ROC:    1.0000
  PR-AUC:     1.0000

  Avg score (normal): 13.4
  Avg score (judol):  71.6

  Risk distribution:
    Critical: 2,167
    High Risk: 12,053
    Normal: 84,992
    Suspicious: 788
============================================================

[6/6] Saving artifacts...

Saving models to models/parametric/...
  [User Behavior] Saved to /root/pantau/models/parametric/user_behavior.pkl
  [Merchant Behavior] Saved to /root/pantau/models/parametric/merchant_behavior.pkl
  [Network] Saved to /root/pantau/models/parametric/network_cluster.pkl
  [Temporal] Saved to /root/pantau/models/parametric/temporal_pattern.pkl
  [Velocity] Saved to /root/pantau/models/parametric/velocity_delta.pkl
  [Money Flow] Saved to /root/pantau/models/parametric/money_flow.pkl
  Scored transactions saved to /root/pantau/data/scored/parametric/scored_transactions.csv

======================================================================
  PANTAU — Final Evaluation (Locked Test Set 🔒)
======================================================================
  Layer                      Precision     Recall         F1     Time
  -----------------------------------------------------------------
  1. User Behavior              0.5809     0.1229     0.2029   287.4s
  2. Merchant Behavior          1.0000     0.8782     0.9352    21.1s
  3. Network Clustering         0.8735     0.7671     0.8168    81.6s
  4. Temporal Pattern           0.8864     0.3650     0.5171   169.7s
  5. Velocity Delta             1.0000     1.0000     1.0000     0.7s
  6. Money Flow                 0.0156     0.1368     0.0280    14.4s
  -----------------------------------------------------------------
  COMBINED                      0.9995     1.0000     0.9997   574.9s
  AUC-ROC                       1.0000
  PR-AUC                        1.0000

  Tuned params: contamination=0.075, layer_thresh=30.0, combo_thresh=40
  CV avg F1: 0.9998 ± 0.0001
======================================================================
  Report saved to /root/pantau/logs/training_report_parametric.txt
  Metrics saved to /root/pantau/logs/training_metrics_parametric.json

  Total pipeline time: 6344.8s
  Tag: parametric
  Done! ✓
